<?xml version="1.0" encoding="UTF-8"?>
<!-- Generated by org.testng.reporters.JUnitXMLReporter -->
<testsuite ignored="0" name="Test" tests="4" failures="2" timestamp="06 Nov 2017 07:45:41 GMT" time="832.585" errors="0">
  <testcase name="SignIn" time="3.791" classname="Com.Shopclues.Scripts.SignInTest"/>
  <testcase name="homeTest" time="2.165" classname="Com.Shopclues.Scripts.HomeTest"/>
  <testcase name="addProductToCart" time="130.286" classname="Com.Shopclues.Scripts.AddProductToCartTest">
    <failure type="java.lang.NullPointerException">
      <![CDATA[java.lang.NullPointerException
	at Com.Shopclues.Pom.LaptopPage.clickOnDellProduct(LaptopPage.java:29)
	at Com.Shopclues.Scripts.AddProductToCartTest.addProductToCart(AddProductToCartTest.java:19)
... Removed 25 stack frames]]>
    </failure>
  </testcase> <!-- addProductToCart -->
  <testcase name="chekProductDetails" time="131.058" classname="Com.Shopclues.Scripts.ProductDetailsTest">
    <failure type="java.lang.NullPointerException">
      <![CDATA[java.lang.NullPointerException
	at Com.Shopclues.Pom.LaptopPage.clickOnDellProduct(LaptopPage.java:29)
	at Com.Shopclues.Scripts.ProductDetailsTest.chekProductDetails(ProductDetailsTest.java:18)
... Removed 25 stack frames]]>
    </failure>
  </testcase> <!-- chekProductDetails -->
</testsuite> <!-- Test -->
