<?xml version="1.0" encoding="UTF-8"?>
<testng-results skipped="0" failed="0" ignored="0" total="1" passed="1">
  <reporter-output>
  </reporter-output>
  <suite name="Default suite" duration-ms="133110" started-at="2017-11-08T07:50:08Z" finished-at="2017-11-08T07:52:21Z">
    <groups>
    </groups>
    <test name="Default test" duration-ms="133110" started-at="2017-11-08T07:50:08Z" finished-at="2017-11-08T07:52:21Z">
      <class name="Com.Shopclues.Scripts.SignInTest">
        <test-method status="PASS" signature="OpenApplication()[pri:0, instance:Com.Shopclues.Scripts.SignInTest@39c0f4a]" name="OpenApplication" is-config="true" duration-ms="132061" started-at="2017-11-08T13:20:08Z" finished-at="2017-11-08T13:22:20Z">
          <reporter-output>
          </reporter-output>
        </test-method> <!-- OpenApplication -->
        <test-method status="PASS" signature="SignIn()[pri:1, instance:Com.Shopclues.Scripts.SignInTest@39c0f4a]" name="SignIn" duration-ms="1016" started-at="2017-11-08T13:22:20Z" finished-at="2017-11-08T13:22:21Z">
          <reporter-output>
          </reporter-output>
        </test-method> <!-- SignIn -->
      </class> <!-- Com.Shopclues.Scripts.SignInTest -->
    </test> <!-- Default test -->
  </suite> <!-- Default suite -->
</testng-results>
